<?xml version="1.0" encoding="UTF-8"?>
<testsuites>
  <testsuite name="fastlane.lanes">
    
    
    
      
      <testcase classname="fastlane.lanes" name="0: default_platform" time="0.005779">
        
      </testcase>
    
      
      <testcase classname="fastlane.lanes" name="1: gradle" time="1.494928">
        
          <failure message="/usr/local/lib/ruby/gems/2.5.0/gems/fastlane-2.76.1/fastlane/lib/fastlane/actions/actions_helper.rb:48:in `execute_action'&#10;/usr/local/lib/ruby/gems/2.5.0/gems/fastlane-2.76.1/fastlane/lib/fastlane/runner.rb:231:in `block in execute_action'&#10;/usr/local/lib/ruby/gems/2.5.0/gems/fastlane-2.76.1/fastlane/lib/fastlane/runner.rb:227:in `chdir'&#10;/usr/local/lib/ruby/gems/2.5.0/gems/fastlane-2.76.1/fastlane/lib/fastlane/runner.rb:227:in `execute_action'&#10;/usr/local/lib/ruby/gems/2.5.0/gems/fastlane-2.76.1/fastlane/lib/fastlane/runner.rb:148:in `trigger_action_by_name'&#10;/usr/local/lib/ruby/gems/2.5.0/gems/fastlane-2.76.1/fastlane/lib/fastlane/fast_file.rb:148:in `method_missing'&#10;Fastfile:18:in `block (2 levels) in parsing_binding'&#10;/usr/local/lib/ruby/gems/2.5.0/gems/fastlane-2.76.1/fastlane/lib/fastlane/lane.rb:33:in `call'&#10;/usr/local/lib/ruby/gems/2.5.0/gems/fastlane-2.76.1/fastlane/lib/fastlane/runner.rb:49:in `block in execute'&#10;/usr/local/lib/ruby/gems/2.5.0/gems/fastlane-2.76.1/fastlane/lib/fastlane/runner.rb:45:in `chdir'&#10;/usr/local/lib/ruby/gems/2.5.0/gems/fastlane-2.76.1/fastlane/lib/fastlane/runner.rb:45:in `execute'&#10;/usr/local/lib/ruby/gems/2.5.0/gems/fastlane-2.76.1/fastlane/lib/fastlane/lane_manager.rb:56:in `cruise_lane'&#10;/usr/local/lib/ruby/gems/2.5.0/gems/fastlane-2.76.1/fastlane/lib/fastlane/command_line_handler.rb:36:in `handle'&#10;/usr/local/lib/ruby/gems/2.5.0/gems/fastlane-2.76.1/fastlane/lib/fastlane/commands_generator.rb:108:in `block (2 levels) in run'&#10;/usr/local/lib/ruby/gems/2.5.0/gems/commander-fastlane-4.4.5/lib/commander/command.rb:178:in `call'&#10;/usr/local/lib/ruby/gems/2.5.0/gems/commander-fastlane-4.4.5/lib/commander/command.rb:153:in `run'&#10;/usr/local/lib/ruby/gems/2.5.0/gems/commander-fastlane-4.4.5/lib/commander/runner.rb:476:in `run_active_command'&#10;/usr/local/lib/ruby/gems/2.5.0/gems/fastlane-2.76.1/fastlane_core/lib/fastlane_core/ui/fastlane_runner.rb:75:in `run!'&#10;/usr/local/lib/ruby/gems/2.5.0/gems/commander-fastlane-4.4.5/lib/commander/delegates.rb:15:in `run!'&#10;/usr/local/lib/ruby/gems/2.5.0/gems/fastlane-2.76.1/fastlane/lib/fastlane/commands_generator.rb:337:in `run'&#10;/usr/local/lib/ruby/gems/2.5.0/gems/fastlane-2.76.1/fastlane/lib/fastlane/commands_generator.rb:42:in `start'&#10;/usr/local/lib/ruby/gems/2.5.0/gems/fastlane-2.76.1/fastlane/lib/fastlane/cli_tools_distributor.rb:94:in `take_off'&#10;/usr/local/lib/ruby/gems/2.5.0/gems/fastlane-2.76.1/bin/fastlane:20:in `&lt;top (required)&gt;'&#10;/usr/local/bin/fastlane:23:in `load'&#10;/usr/local/bin/fastlane:23:in `&lt;main&gt;'&#10;&#10;Exit status of command '/Users/qa/Documents/projects/aws-device-farm-sample-app-for-android/gradlew cAT -p .' was 1 instead of 0.&#10;&#10;FAILURE: Build failed with an exception.&#10;&#10;* What went wrong:&#10;A problem occurred configuring root project 'aws-device-farm-sample-app-for-android'.&#10;&gt; Could not resolve all files for configuration ':classpath'.&#10;   &gt; Could not find com.android.tools.build:gradle:3.0.0.&#10;     Searched in the following locations:&#10;         https://repo1.maven.org/maven2/com/android/tools/build/gradle/3.0.0/gradle-3.0.0.pom&#10;         https://repo1.maven.org/maven2/com/android/tools/build/gradle/3.0.0/gradle-3.0.0.jar&#10;         file:/Users/qa/.m2/repository/com/android/tools/build/gradle/3.0.0/gradle-3.0.0.pom&#10;         file:/Users/qa/.m2/repository/com/android/tools/build/gradle/3.0.0/gradle-3.0.0.jar&#10;     Required by:&#10;         project :&#10;&#10;* Try:&#10;Run with --stacktrace option to get the stack trace. Run with --info or --debug option to get more log output.&#10;&#10;* Get more help at https://help.gradle.org&#10;&#10;BUILD FAILED in 0s&#10;" />
        
      </testcase>
    
  </testsuite>
</testsuites>
